2024-12-15 01:02:06,271 - INFO - Collecting feature vectors for t-SNE analysis...
2024-12-15 01:06:40,993 - INFO - Starting t-SNE analysis...
2024-12-15 01:07:31,994 - INFO - Processing batch 0 to 500...
2024-12-15 01:07:38,264 - INFO - Processing batch 500 to 1000...
2024-12-15 01:07:44,621 - INFO - Processing batch 1000 to 1500...
2024-12-15 01:07:51,183 - INFO - Processing batch 1500 to 2000...
2024-12-15 01:07:57,423 - INFO - Processing batch 2000 to 2500...
2024-12-15 01:08:03,477 - INFO - Processing batch 2500 to 3000...
2024-12-15 01:08:09,517 - INFO - Processing batch 3000 to 3500...
2024-12-15 01:08:15,418 - INFO - Processing batch 3500 to 4000...
2024-12-15 01:08:21,721 - INFO - Processing batch 4000 to 4500...
2024-12-15 01:08:27,761 - INFO - Processing batch 4500 to 5000...
2024-12-15 01:08:33,773 - INFO - Processing batch 5000 to 5500...
2024-12-15 01:08:39,678 - INFO - Processing batch 5500 to 6000...
2024-12-15 01:08:45,665 - INFO - Processing batch 6000 to 6500...
2024-12-15 01:08:51,645 - INFO - Processing batch 6500 to 7000...
2024-12-15 01:08:57,580 - INFO - Processing batch 7000 to 7500...
2024-12-15 01:09:03,483 - INFO - Processing batch 7500 to 8000...
2024-12-15 01:09:09,786 - INFO - Processing batch 8000 to 8500...
2024-12-15 01:09:15,770 - INFO - Processing batch 8500 to 9000...
2024-12-15 01:09:21,601 - INFO - Processing batch 9000 to 9500...
2024-12-15 01:09:27,595 - INFO - Processing batch 9500 to 10000...
2024-12-15 01:09:33,555 - INFO - Processing batch 10000 to 10500...
2024-12-15 01:09:39,523 - INFO - Processing batch 10500 to 11000...
2024-12-15 01:09:45,558 - INFO - Processing batch 11000 to 11500...
2024-12-15 01:09:51,513 - INFO - Processing batch 11500 to 12000...
2024-12-15 01:09:57,519 - INFO - Processing batch 12000 to 12500...
2024-12-15 01:10:03,375 - INFO - Processing batch 12500 to 13000...
2024-12-15 01:10:09,237 - INFO - Processing batch 13000 to 13500...
2024-12-15 01:10:15,173 - INFO - Processing batch 13500 to 14000...
2024-12-15 01:10:21,231 - INFO - Processing batch 14000 to 14500...
2024-12-15 01:10:27,158 - INFO - Processing batch 14500 to 15000...
2024-12-15 01:10:33,196 - INFO - Processing batch 15000 to 15500...
2024-12-15 01:10:39,144 - INFO - Processing batch 15500 to 16000...
2024-12-15 01:10:45,119 - INFO - Processing batch 16000 to 16500...
2024-12-15 01:10:51,310 - INFO - Processing batch 16500 to 17000...
2024-12-15 01:10:57,234 - INFO - Processing batch 17000 to 17500...
2024-12-15 01:11:03,117 - INFO - Processing batch 17500 to 18000...
2024-12-15 01:11:09,098 - INFO - Processing batch 18000 to 18500...
2024-12-15 01:11:15,142 - INFO - Processing batch 18500 to 19000...
2024-12-15 01:11:21,185 - INFO - Processing batch 19000 to 19500...
2024-12-15 01:11:27,117 - INFO - Processing batch 19500 to 20000...
2024-12-15 01:11:33,089 - INFO - Processing batch 20000 to 20500...
2024-12-15 01:11:39,013 - INFO - Processing batch 20500 to 21000...
2024-12-15 01:11:44,941 - INFO - Processing batch 21000 to 21500...
2024-12-15 01:11:50,875 - INFO - Processing batch 21500 to 22000...
2024-12-15 01:11:56,763 - INFO - Processing batch 22000 to 22500...
2024-12-15 01:12:02,737 - INFO - Processing batch 22500 to 23000...
2024-12-15 01:12:08,613 - INFO - Processing batch 23000 to 23500...
2024-12-15 01:12:14,513 - INFO - Processing batch 23500 to 24000...
2024-12-15 01:12:20,460 - INFO - Processing batch 24000 to 24500...
2024-12-15 01:12:26,403 - INFO - Processing batch 24500 to 25000...
2024-12-15 01:12:32,372 - INFO - Processing batch 25000 to 25500...
2024-12-15 01:12:38,239 - INFO - Processing batch 25500 to 26000...
2024-12-15 01:12:44,165 - INFO - Processing batch 26000 to 26500...
2024-12-15 01:12:50,122 - INFO - Processing batch 26500 to 27000...
2024-12-15 01:12:56,069 - INFO - Processing batch 27000 to 27500...
2024-12-15 01:13:02,059 - INFO - Processing batch 27500 to 28000...
2024-12-15 01:13:07,998 - INFO - Processing batch 28000 to 28500...
2024-12-15 01:13:13,882 - INFO - Processing batch 28500 to 29000...
2024-12-15 01:13:20,198 - INFO - Processing batch 29000 to 29500...
2024-12-15 01:13:26,086 - INFO - Processing batch 29500 to 30000...
2024-12-15 01:13:32,094 - INFO - Processing batch 30000 to 30500...
2024-12-15 01:13:38,073 - INFO - Processing batch 30500 to 31000...
2024-12-15 01:13:44,083 - INFO - Processing batch 31000 to 31500...
2024-12-15 01:13:50,107 - INFO - Processing batch 31500 to 32000...
2024-12-15 01:13:56,029 - INFO - Processing batch 32000 to 32500...
2024-12-15 01:14:02,048 - INFO - Processing batch 32500 to 33000...
2024-12-15 01:14:08,434 - INFO - Processing batch 33000 to 33500...
2024-12-15 01:14:15,027 - INFO - Processing batch 33500 to 34000...
2024-12-15 01:14:21,600 - INFO - Processing batch 34000 to 34500...
2024-12-15 01:14:28,156 - INFO - Processing batch 34500 to 35000...
2024-12-15 01:14:34,101 - INFO - Processing batch 35000 to 35500...
2024-12-15 01:14:40,247 - INFO - Processing batch 35500 to 36000...
2024-12-15 01:14:46,119 - INFO - Processing batch 36000 to 36458...
2024-12-15 01:14:52,117 - INFO - Saving t-SNE results...
2024-12-15 01:14:52,125 - INFO - t-SNE analysis completed. Results saved to /Users/bahadirgolcuk/bahadir/project/facial_emotion_analyze_pyspark/data/tsne_results/tsne_results.npy
2024-12-15 01:20:31,486 - INFO - Starting t-SNE analysis...
2024-12-15 01:21:02,507 - INFO - Starting t-SNE analysis...
2024-12-15 01:21:52,269 - INFO - Processing batch 0 to 3000...
2024-12-15 01:22:30,729 - INFO - Processing batch 3000 to 6000...
2024-12-15 01:23:08,059 - INFO - Processing batch 6000 to 9000...
2024-12-15 01:23:45,661 - INFO - Processing batch 9000 to 12000...
2024-12-15 01:24:23,609 - INFO - Processing batch 12000 to 15000...
2024-12-15 01:25:01,492 - INFO - Processing batch 15000 to 18000...
2024-12-15 01:25:39,703 - INFO - Processing batch 18000 to 21000...
2024-12-15 01:26:18,726 - INFO - Processing batch 21000 to 24000...
2024-12-15 01:26:58,035 - INFO - Processing batch 24000 to 27000...
2024-12-15 01:27:36,735 - INFO - Processing batch 27000 to 30000...
2024-12-15 01:28:16,161 - INFO - Processing batch 30000 to 33000...
2024-12-15 01:28:56,608 - INFO - Processing batch 33000 to 36000...
2024-12-15 01:29:37,529 - INFO - Processing batch 36000 to 36458...
2024-12-15 01:30:17,725 - INFO - Saving t-SNE results...
2024-12-15 01:30:17,736 - INFO - t-SNE analysis completed. Results saved to /Users/bahadirgolcuk/bahadir/project/facial_emotion_analyze_pyspark/data/tsne_results/tsne_results.npy
2024-12-15 01:39:46,400 - INFO - Total features loaded: 36458
2024-12-15 01:39:46,401 - INFO - Processing t-SNE for batch 0 to 3000...
2024-12-15 01:39:57,388 - INFO - Processing t-SNE for batch 3000 to 6000...
2024-12-15 01:40:08,392 - INFO - Processing t-SNE for batch 6000 to 9000...
2024-12-15 01:40:19,569 - INFO - Processing t-SNE for batch 9000 to 12000...
2024-12-15 01:40:30,649 - INFO - Processing t-SNE for batch 12000 to 15000...
2024-12-15 01:40:41,739 - INFO - Processing t-SNE for batch 15000 to 18000...
2024-12-15 01:40:52,843 - INFO - Processing t-SNE for batch 18000 to 21000...
2024-12-15 01:41:03,951 - INFO - Processing t-SNE for batch 21000 to 24000...
2024-12-15 01:41:15,068 - INFO - Processing t-SNE for batch 24000 to 27000...
2024-12-15 01:41:26,911 - INFO - Processing t-SNE for batch 27000 to 30000...
2024-12-15 01:41:38,045 - INFO - Processing t-SNE for batch 30000 to 33000...
2024-12-15 01:41:49,305 - INFO - Processing t-SNE for batch 33000 to 36000...
2024-12-15 01:42:00,883 - INFO - Processing t-SNE for batch 36000 to 36458...
2024-12-15 01:42:02,638 - INFO - t-SNE analysis completed. Results saved to /Users/bahadirgolcuk/bahadir/project/facial_emotion_analyze_pyspark/data/tsne_results/tsne_results.npy
2024-12-15 01:48:41,774 - INFO - Total features loaded: 36458
2024-12-15 01:48:41,775 - INFO - Processing t-SNE for batch 0 to 36458...
2024-12-15 01:55:01,594 - INFO - t-SNE analysis completed. Results saved to /Users/bahadirgolcuk/bahadir/project/facial_emotion_analyze_pyspark/data/tsne_results/tsne_results.npy
